TN:
SF:Payloads\authPayload.js
FN:7,(anonymous_0)
FNF:1
FNH:0
FNDA:0,(anonymous_0)
DA:1,1
DA:2,1
DA:4,1
DA:7,0
DA:13,1
LF:5
LH:4
BRF:0
BRH:0
end_of_record
TN:
SF:Payloads\productType.js
FN:13,(anonymous_0)
FNF:1
FNH:0
FNDA:0,(anonymous_0)
DA:8,4
DA:10,4
DA:13,0
DA:22,4
LF:4
LH:3
BRF:0
BRH:0
end_of_record
TN:
SF:Payloads\userType.js
FN:15,(anonymous_0)
FN:22,(anonymous_1)
FN:29,(anonymous_2)
FN:32,(anonymous_3)
FNF:4
FNH:0
FNDA:0,(anonymous_0)
FNDA:0,(anonymous_1)
FNDA:0,(anonymous_2)
FNDA:0,(anonymous_3)
DA:8,4
DA:9,4
DA:10,4
DA:12,4
DA:15,0
DA:23,0
DA:24,0
DA:30,0
DA:31,0
DA:32,0
DA:33,0
DA:40,4
LF:12
LH:5
BRF:0
BRH:0
end_of_record
TN:
SF:Resolvers\Mutations\addEmail.js
FN:12,(anonymous_0)
FNF:1
FNH:1
FNDA:2,(anonymous_0)
DA:1,1
DA:2,1
DA:3,1
DA:4,1
DA:6,1
DA:13,2
DA:14,2
DA:15,1
DA:17,1
DA:19,1
DA:24,1
LF:11
LH:11
BRDA:14,0,0,1
BRDA:14,0,1,1
BRF:2
BRH:2
end_of_record
TN:
SF:Resolvers\Mutations\loginRegister.js
FN:16,(anonymous_0)
FN:43,(anonymous_1)
FNF:2
FNH:2
FNDA:3,(anonymous_0)
FNDA:3,(anonymous_1)
DA:1,1
DA:2,1
DA:3,1
DA:4,1
DA:5,1
DA:7,1
DA:17,3
DA:18,3
DA:19,1
DA:21,2
DA:22,1
DA:24,1
DA:25,1
DA:26,1
DA:28,1
DA:29,1
DA:36,1
DA:44,3
DA:48,3
DA:49,2
DA:51,2
DA:52,1
DA:53,1
DA:58,1
LF:24
LH:24
BRDA:18,0,0,1
BRDA:18,0,1,2
BRDA:21,1,0,1
BRDA:21,1,1,1
BRDA:21,2,0,2
BRDA:21,2,1,2
BRDA:48,3,0,1
BRDA:48,3,1,2
BRDA:51,4,0,1
BRDA:51,4,1,1
BRF:10
BRH:10
end_of_record
TN:
SF:Resolvers\Mutations\updateUser.js
FN:16,(anonymous_0)
FN:59,(anonymous_1)
FNF:2
FNH:2
FNDA:5,(anonymous_0)
FNDA:3,(anonymous_1)
DA:1,1
DA:2,1
DA:3,1
DA:4,1
DA:5,1
DA:7,1
DA:17,5
DA:18,5
DA:19,1
DA:21,4
DA:22,0
DA:24,4
DA:25,4
DA:26,1
DA:29,3
DA:30,1
DA:32,3
DA:33,0
DA:35,3
DA:36,2
DA:41,1
DA:43,1
DA:46,2
DA:47,2
DA:51,1
DA:60,3
DA:61,3
DA:62,0
DA:64,3
DA:65,0
DA:67,3
DA:68,3
DA:69,0
DA:72,3
DA:73,1
DA:74,1
DA:75,2
DA:76,2
DA:77,1
DA:79,1
DA:81,0
DA:83,2
DA:84,2
LF:43
LH:37
BRDA:18,0,0,1
BRDA:18,0,1,4
BRDA:21,1,0,0
BRDA:21,1,1,4
BRDA:25,2,0,1
BRDA:25,2,1,3
BRDA:29,3,0,1
BRDA:29,3,1,2
BRDA:32,4,0,0
BRDA:32,4,1,3
BRDA:35,5,0,2
BRDA:35,5,1,1
BRDA:36,6,0,1
BRDA:36,6,1,1
BRDA:37,7,0,2
BRDA:37,7,1,2
BRDA:37,7,2,1
BRDA:61,8,0,0
BRDA:61,8,1,3
BRDA:64,9,0,0
BRDA:64,9,1,3
BRDA:68,10,0,0
BRDA:68,10,1,3
BRDA:72,11,0,1
BRDA:72,11,1,2
BRDA:75,12,0,2
BRDA:75,12,1,0
BRDA:76,13,0,1
BRDA:76,13,1,1
BRDA:76,14,0,2
BRDA:76,14,1,1
BRF:31
BRH:25
end_of_record
TN:
SF:Resolvers\Queries\queryUsers.js
FN:12,(anonymous_0)
FN:35,(anonymous_1)
FN:58,(anonymous_2)
FNF:3
FNH:3
FNDA:4,(anonymous_0)
FNDA:4,(anonymous_1)
FNDA:1,(anonymous_2)
DA:1,1
DA:2,1
DA:3,1
DA:4,1
DA:6,1
DA:13,4
DA:14,4
DA:15,1
DA:17,3
DA:18,0
DA:20,3
DA:21,3
DA:22,1
DA:24,2
DA:25,1
DA:28,1
DA:32,1
DA:36,4
DA:37,4
DA:38,1
DA:40,3
DA:41,0
DA:43,3
DA:44,3
DA:45,1
DA:47,2
DA:48,1
DA:51,1
DA:55,1
DA:58,1
LF:30
LH:28
BRDA:14,0,0,1
BRDA:14,0,1,3
BRDA:17,1,0,0
BRDA:17,1,1,3
BRDA:21,2,0,1
BRDA:21,2,1,2
BRDA:24,3,0,1
BRDA:24,3,1,1
BRDA:37,4,0,1
BRDA:37,4,1,3
BRDA:40,5,0,0
BRDA:40,5,1,3
BRDA:44,6,0,1
BRDA:44,6,1,2
BRDA:47,7,0,1
BRDA:47,7,1,1
BRF:16
BRH:14
end_of_record
TN:
SF:models\products.js
FNF:0
FNH:0
DA:1,4
DA:3,4
DA:23,4
LF:3
LH:3
BRF:0
BRH:0
end_of_record
TN:
SF:models\users.js
FN:36,(anonymous_0)
FN:43,(anonymous_1)
FNF:2
FNH:0
FNDA:0,(anonymous_0)
FNDA:0,(anonymous_1)
DA:1,4
DA:2,4
DA:3,4
DA:5,4
DA:36,4
DA:37,0
DA:39,0
DA:40,0
DA:43,4
DA:44,0
DA:45,0
DA:46,0
DA:47,0
DA:49,0
DA:53,4
LF:15
LH:7
BRDA:37,0,0,0
BRDA:37,0,1,0
BRF:2
BRH:0
end_of_record
TN:
SF:util\checkToken.js
FN:3,(anonymous_0)
FNF:1
FNH:0
FNDA:0,(anonymous_0)
DA:1,2
DA:3,2
DA:4,0
DA:5,0
DA:8,0
DA:9,0
DA:12,0
DA:16,0
DA:19,2
LF:9
LH:3
BRDA:4,0,0,0
BRDA:4,0,1,0
BRDA:8,1,0,0
BRDA:8,1,1,0
BRF:4
BRH:0
end_of_record
TN:
SF:util\jwtAuthenticator.js
FN:4,generateAccessToken
FNF:1
FNH:0
FNDA:0,generateAccessToken
DA:1,1
DA:2,1
DA:5,0
DA:21,1
LF:4
LH:3
BRF:0
BRH:0
end_of_record
TN:
SF:util\redisClient.js
FN:6,(anonymous_0)
FN:10,(anonymous_1)
FN:14,(anonymous_2)
FNF:3
FNH:1
FNDA:2,(anonymous_0)
FNDA:0,(anonymous_1)
FNDA:0,(anonymous_2)
DA:1,2
DA:2,2
DA:4,2
DA:6,2
DA:7,2
DA:10,2
DA:11,0
DA:14,2
DA:15,0
DA:18,2
LF:10
LH:8
BRF:0
BRH:0
end_of_record
TN:
SF:util\sendEmail.js
FN:5,(anonymous_0)
FNF:1
FNH:0
FNDA:0,(anonymous_0)
DA:1,1
DA:2,1
DA:3,1
DA:5,1
DA:8,0
DA:13,0
DA:23,0
DA:33,0
DA:34,0
DA:35,0
DA:39,1
LF:11
LH:5
BRF:0
BRH:0
end_of_record
